Arguments: 
  /usr/bin/node /home/calvin/.yarn/bin/yarn.js

PATH: 
  /home/calvin/.yarn/bin:/home/calvin/.config/yarn/global/node_modules/.bin:/home/calvin/.yarn/bin:/home/calvin/.config/yarn/global/node_modules/.bin:/home/calvin/anaconda3/bin:/home/calvin/anaconda3/condabin:/home/calvin/.local/bin:/home/calvin/bin:/usr/local/lib/npm/bin:/usr/local/sbin:/usr/local/bin:/usr/sbin:/usr/bin:/sbin:/bin:/usr/games:/usr/local/games:/snap/bin:/home/calvin/.dotnet/tools:/home/calvin/.dotnet/tools/:/home/calvin/go/bin:/home/calvin/.dotnet/tools/:/home/calvin/go/bin

Yarn version: 
  1.16.0

Node version: 
  10.16.0

Platform: 
  linux x64

Trace: 
  SyntaxError: /home/calvin/workspace/CalvinRodo/dotnetcore-webapi-cicd-reference-implementation/package.json: Unexpected token } in JSON at position 582
      at JSON.parse (<anonymous>)
      at /home/calvin/.yarn/lib/cli.js:1625:59
      at Generator.next (<anonymous>)
      at step (/home/calvin/.yarn/lib/cli.js:304:30)
      at /home/calvin/.yarn/lib/cli.js:315:13

npm manifest: 
  {
    "name": "dotnetcore-webapi-cicd-reference-implementation",
    "version": "1.0.0",
    "main": "index.js",
    "repository": "git@github.com:CalvinRodo/dotnetcore-webapi-cicd-reference-implementation.git",
    "author": "CalvinRodo <calvinv@gmail.com>",
    "license": "MIT",
    "scripts": {
      "spellcheck": "cspell **/*.md --color",
      "lint:markdown": "docker run -v $PWD:/markdown 06kellyjac/markdownlint-cli -i node_modules **/*.md",
      "lint:csharp": "editorconfig-cli **/*.cs"
    },
    "devDependencies": {
      "@htmlacademy/editorconfig-cli": "^1.0.0",
      "cspell": "^4.0.26",
    }
  }

yarn manifest: 
  No manifest

Lockfile: 
  # THIS IS AN AUTOGENERATED FILE. DO NOT EDIT THIS FILE DIRECTLY.
  # yarn lockfile v1
  
  
  "@htmlacademy/editorconfig-cli@^1.0.0":
    version "1.0.0"
    resolved "https://registry.yarnpkg.com/@htmlacademy/editorconfig-cli/-/editorconfig-cli-1.0.0.tgz#e1f94d4384f046f857aee8f6f4080fedc5c543b3"
    integrity sha1-4flNQ4TwRvhXruj29AgP7cXFQ7M=
    dependencies:
      colors "1.1.2"
      commander "2.9.0"
      glob "7.1.1"
      lintspaces "0.5.0"
  
  ansi-escapes@^1.1.0:
    version "1.4.0"
    resolved "https://registry.yarnpkg.com/ansi-escapes/-/ansi-escapes-1.4.0.tgz#d3a8a83b319aa67793662b13e761c7911422306e"
    integrity sha1-06ioOzGapneTZisT52HHkRQiMG4=
  
  ansi-regex@^2.0.0:
    version "2.1.1"
    resolved "https://registry.yarnpkg.com/ansi-regex/-/ansi-regex-2.1.1.tgz#c3b33ab5ee360d86e0e628f0468ae7ef27d654df"
    integrity sha1-w7M6te42DYbg5ijwRorn7yfWVN8=
  
  ansi-styles@^2.2.1:
    version "2.2.1"
    resolved "https://registry.yarnpkg.com/ansi-styles/-/ansi-styles-2.2.1.tgz#b432dd3358b634cf75e1e4664368240533c1ddbe"
    integrity sha1-tDLdM1i2NM914eRmQ2gkBTPB3b4=
  
  ansi-styles@^3.2.1:
    version "3.2.1"
    resolved "https://registry.yarnpkg.com/ansi-styles/-/ansi-styles-3.2.1.tgz#41fbb20243e50b12be0f04b8dedbf07520ce841d"
    integrity sha512-VT0ZI6kZRdTh8YyJw3SMbYm/u+NqfsAxEpWO0Pf9sq8/e94WxxOpPKx9FR1FlyCtOVDNOQ+8ntlqFxiRc+r5qA==
    dependencies:
      color-convert "^1.9.0"
  
  balanced-match@^1.0.0:
    version "1.0.0"
    resolved "https://registry.yarnpkg.com/balanced-match/-/balanced-match-1.0.0.tgz#89b4d199ab2bee49de164ea02b89ce462d71b767"
    integrity sha1-ibTRmasr7kneFk6gK4nORi1xt2c=
  
  bluebird@^3.0.5:
    version "3.5.5"
    resolved "https://registry.yarnpkg.com/bluebird/-/bluebird-3.5.5.tgz#a8d0afd73251effbbd5fe384a77d73003c17a71f"
    integrity sha512-5am6HnnfN+urzt4yfg7IgTbotDjIT/u8AJpEt0sIU9FtXfVeezXAPKswrG+xKUCOYAINpSdgZVDU6QFh+cuH3w==
  
  brace-expansion@^1.1.7:
    version "1.1.11"
    resolved "https://registry.yarnpkg.com/brace-expansion/-/brace-expansion-1.1.11.tgz#3c7fcbf529d87226f3d2f52b966ff5271eb441dd"
    integrity sha512-iCuPHDFgrHX7H2vEI/5xpz07zSHB00TpugqhmYtVmMO6518mCuRMoOYFldEBl0g187ufozdaHgWKcYFb61qGiA==
    dependencies:
      balanced-match "^1.0.0"
      concat-map "0.0.1"
  
  braces@^3.0.1:
    version "3.0.2"
    resolved "https://registry.yarnpkg.com/braces/-/braces-3.0.2.tgz#3454e1a462ee8d599e236df336cd9ea4f8afe107"
    integrity sha512-b8um+L1RzM3WDSzvhm6gIz1yfTbBt6YTlcEKAvsmqCZZFw46z626lVj9j1yEPW33H5H+lBQpZMP1k8l+78Ha0A==
    dependencies:
      fill-range "^7.0.1"
  
  chalk@^1.0.0:
    version "1.1.3"
    resolved "https://registry.yarnpkg.com/chalk/-/chalk-1.1.3.tgz#a8115c55e4a702fe4d150abd3872822a7e09fc98"
    integrity sha1-qBFcVeSnAv5NFQq9OHKCKn4J/Jg=
    dependencies:
      ansi-styles "^2.2.1"
      escape-string-regexp "^1.0.2"
      has-ansi "^2.0.0"
      strip-ansi "^3.0.0"
      supports-color "^2.0.0"
  
  chalk@^2.4.2:
    version "2.4.2"
    resolved "https://registry.yarnpkg.com/chalk/-/chalk-2.4.2.tgz#cd42541677a54333cf541a49108c1432b44c9424"
    integrity sha512-Mti+f9lpJNcwF4tWV8/OrTTtF1gZi+f8FqlyAdouralcFWFQWF2+NgCHShjkCb+IFBLq9buZwE1xckQU4peSuQ==
    dependencies:
      ansi-styles "^3.2.1"
      escape-string-regexp "^1.0.5"
      supports-color "^5.3.0"
  
  cli-cursor@^1.0.1:
    version "1.0.2"
    resolved "https://registry.yarnpkg.com/cli-cursor/-/cli-cursor-1.0.2.tgz#64da3f7d56a54412e59794bd62dc35295e8f2987"
    integrity sha1-ZNo/fValRBLll5S9Ytw1KV6PKYc=
    dependencies:
      restore-cursor "^1.0.1"
  
  cli-width@^1.0.1:
    version "1.1.1"
    resolved "https://registry.yarnpkg.com/cli-width/-/cli-width-1.1.1.tgz#a4d293ef67ebb7b88d4a4d42c0ccf00c4d1e366d"
    integrity sha1-pNKT72frt7iNSk1CwMzwDE0eNm0=
  
  code-point-at@^1.0.0:
    version "1.1.0"
    resolved "https://registry.yarnpkg.com/code-point-at/-/code-point-at-1.1.0.tgz#0d070b4d043a5bea33a2f1a40e2edb3d9a4ccf77"
    integrity sha1-DQcLTQQ6W+ozovGkDi7bPZpMz3c=
  
  color-convert@^1.9.0:
    version "1.9.3"
    resolved "https://registry.yarnpkg.com/color-convert/-/color-convert-1.9.3.tgz#bb71850690e1f136567de629d2d5471deda4c1e8"
    integrity sha512-QfAUtd+vFdAtFQcC8CCyYt1fYWxSqAiK2cSD6zDB8N3cpsEBAvRxp9zOGg6G/SHHJYAT88/az/IuDGALsNVbGg==
    dependencies:
      color-name "1.1.3"
  
  color-name@1.1.3:
    version "1.1.3"
    resolved "https://registry.yarnpkg.com/color-name/-/color-name-1.1.3.tgz#a7d0558bd89c42f795dd42328f740831ca53bc25"
    integrity sha1-p9BVi9icQveV3UIyj3QIMcpTvCU=
  
  colors@1.1.2:
    version "1.1.2"
    resolved "https://registry.yarnpkg.com/colors/-/colors-1.1.2.tgz#168a4701756b6a7f51a12ce0c97bfa28c084ed63"
    integrity sha1-FopHAXVran9RoSzgyXv6KMCE7WM=
  
  commander@2.9.0:
    version "2.9.0"
    resolved "https://registry.yarnpkg.com/commander/-/commander-2.9.0.tgz#9c99094176e12240cb22d6c5146098400fe0f7d4"
    integrity sha1-nJkJQXbhIkDLItbFFGCYQA/g99Q=
    dependencies:
      graceful-readlink ">= 1.0.0"
  
  commander@^2.20.0, commander@^2.8.1, commander@^2.9.0:
    version "2.20.0"
    resolved "https://registry.yarnpkg.com/commander/-/commander-2.20.0.tgz#d58bb2b5c1ee8f87b0d340027e9e94e222c5a422"
    integrity sha512-7j2y+40w61zy6YC2iRNpUe/NwhNyoXrYpHMrSunaMG64nRnaf96zO/KMQR4OyN/UnE5KLyEBnKHd4aG3rskjpQ==
  
  comment-json@^1.1.3:
    version "1.1.3"
    resolved "https://registry.yarnpkg.com/comment-json/-/comment-json-1.1.3.tgz#6986c3330fee0c4c9e00c2398cd61afa5d8f239e"
    integrity sha1-aYbDMw/uDEyeAMI5jNYa+l2PI54=
    dependencies:
      json-parser "^1.0.0"
  
  concat-map@0.0.1:
    version "0.0.1"
    resolved "https://registry.yarnpkg.com/concat-map/-/concat-map-0.0.1.tgz#d8a96bd77fd68df7793a73036a3ba0d5405d477b"
    integrity sha1-2Klr13/Wjfd5OnMDajug1UBdR3s=
  
  configstore@^4.0.0:
    version "4.0.0"
    resolved "https://registry.yarnpkg.com/configstore/-/configstore-4.0.0.tgz#5933311e95d3687efb592c528b922d9262d227e7"
    integrity sha512-CmquAXFBocrzaSM8mtGPMM/HiWmyIpr4CcJl/rgY2uCObZ/S7cKU0silxslqJejl+t/T9HS8E0PUNQD81JGUEQ==
    dependencies:
      dot-prop "^4.1.0"
      graceful-fs "^4.1.2"
      make-dir "^1.0.0"
      unique-string "^1.0.0"
      write-file-atomic "^2.0.0"
      xdg-basedir "^3.0.0"
  
  configstore@^5.0.0:
    version "5.0.0"
    resolved "https://registry.yarnpkg.com/configstore/-/configstore-5.0.0.tgz#37de662c7a49b5fe8dbcf8f6f5818d2d81ed852b"
    integrity sha512-eE/hvMs7qw7DlcB5JPRnthmrITuHMmACUJAp89v6PT6iOqzoLS7HRWhBtuHMlhNHo2AhUSA/3Dh1bKNJHcublQ==
    dependencies:
      dot-prop "^5.1.0"
      graceful-fs "^4.1.2"
      make-dir "^3.0.0"
      unique-string "^2.0.0"
      write-file-atomic "^3.0.0"
      xdg-basedir "^4.0.0"
  
  crypto-random-string@^1.0.0:
    version "1.0.0"
    resolved "https://registry.yarnpkg.com/crypto-random-string/-/crypto-random-string-1.0.0.tgz#a230f64f568310e1498009940790ec99545bca7e"
    integrity sha1-ojD2T1aDEOFJgAmUB5DsmVRbyn4=
  
  crypto-random-string@^2.0.0:
    version "2.0.0"
    resolved "https://registry.yarnpkg.com/crypto-random-string/-/crypto-random-string-2.0.0.tgz#ef2a7a966ec11083388369baa02ebead229b30d5"
    integrity sha512-v1plID3y9r/lPhviJ1wrXpLeyUIGAZ2SHNYTEapm7/8A9nLPoyvVp3RK/EPFqn5kEznyWgYZNsRtYYIWbuG8KA==
  
  cspell-dict-companies@^1.0.11:
    version "1.0.11"
    resolved "https://registry.yarnpkg.com/cspell-dict-companies/-/cspell-dict-companies-1.0.11.tgz#890a0041f1cebb68bfccc916c81152450022e911"
    integrity sha512-NHitlJBlw5rbZev/sbiDmi6pPWRmecQdifZObESYwtTfuy1oEwxg3AxXNJblVniSBHgv0buMn7IyNToctMdqYg==
    dependencies:
      configstore "^4.0.0"
  
  cspell-dict-cpp@^1.1.20:
    version "1.1.20"
    resolved "https://registry.yarnpkg.com/cspell-dict-cpp/-/cspell-dict-cpp-1.1.20.tgz#aa7946221f216f449265cd4292a1c302333dec88"
    integrity sha512-043OjyjSPerqAjTmiP+M0pQArTDPmoG6aXeu0O0cjPMrmkj7do3EqLkbp8RDGhs1/ZchF+G+5mTumBx6MRD0VA==
    dependencies:
      configstore "^4.0.0"
  
  cspell-dict-django@^1.0.11:
    version "1.0.11"
    resolved "https://registry.yarnpkg.com/cspell-dict-django/-/cspell-dict-django-1.0.11.tgz#d368ecd7d95a362855584a58df847fec1412e162"
    integrity sha512-cCVDgYTxHjNGsXOkOXFlIFFYyD/+QKa4P5gjAO+ftVe5YkYLgR/ToIqBjLkeMpd5XLcUp9I2+4qAW4bXUGXvhA==
    dependencies:
      configstore "^4.0.0"
  
  cspell-dict-elixir@^1.0.9:
    version "1.0.9"
    resolved "https://registry.yarnpkg.com/cspell-dict-elixir/-/cspell-dict-elixir-1.0.9.tgz#2ae775684f1a5004eb841d68f3697257f0e1e89b"
    integrity sha512-gez2DdKiiR0z51kGR8YI61qW5ARKDgoOxlwz9w84biCWDeN0m3th/xqFDf7D6IaA9PosNhSk1uD/OgoIWLH3mA==
    dependencies:
      configstore "^4.0.0"
  
  cspell-dict-en-gb@^1.1.10:
    version "1.1.10"
    resolved "https://registry.yarnpkg.com/cspell-dict-en-gb/-/cspell-dict-en-gb-1.1.10.tgz#4baa5cc39661f017b226ba27bc7cefa3f54bcd89"
    integrity sha512-Gx6vcaHBnNzYs9W9LlSjomYq1XCw9+aGVsU+Ayl3oMG5zuJGi3I7G5xPyWcTTkWqb6/z6F5LXnW/vFtkTGE5fg==
    dependencies:
      configstore "^4.0.0"
  
  cspell-dict-en_us@^1.2.16:
    version "1.2.16"
    resolved "https://registry.yarnpkg.com/cspell-dict-en_us/-/cspell-dict-en_us-1.2.16.tgz#30f7f1c2f3ae6fb2248e1514dbfbac4f3dc84481"
    integrity sha512-qrc5Mh2hWT53jlcDo3hFFvAgC+hpekQnNN5seHohz6yWr2XeAsATZP/2ftnrKadZ1iAkeJU2LABymhzK+ZAIHg==
    dependencies:
      configstore "^4.0.0"
  
  cspell-dict-fullstack@^1.0.14:
    version "1.0.14"
    resolved "https://registry.yarnpkg.com/cspell-dict-fullstack/-/cspell-dict-fullstack-1.0.14.tgz#e03a8b0d4fd7fcee2957118de243e59a1fb66eed"
    integrity sha512-/pkRb8vaG2iBOKRvXb5gS8Vt0wp26KYOQlKx5hKVPUDVeKLYbHUYwhp41SVXpY7sqq/d/4n426UbI+/RnA1VtA==
    dependencies:
      configstore "^4.0.0"
  
  cspell-dict-golang@^1.1.11:
    version "1.1.11"
    resolved "https://registry.yarnpkg.com/cspell-dict-golang/-/cspell-dict-golang-1.1.11.tgz#fd84f77cc2dff0a0f404c2d0d489e895c2d5e327"
    integrity sha512-dInmq72nAtTBV4B1kX+6STIpKzMNfFTrzC1YBE3x3AKMdyCvKpuoIQHHpm/PFsfIeW2hiu+ZZrTYv1xc+diGlw==
    dependencies:
      configstore "^4.0.0"
  
  cspell-dict-html-symbol-entities@^1.0.10:
    version "1.0.10"
    resolved "https://registry.yarnpkg.com/cspell-dict-html-symbol-entities/-/cspell-dict-html-symbol-entities-1.0.10.tgz#08e79b8c38cc23702f26f2c2c615cea2b9145122"
    integrity sha512-8467CM6fUGnw9biN1OSJ2vXNe/I3UQrOv+rWhOJ79YiYz2rlNMZzIKmizIIvH03OqVHnzKtnHdP+udmyqHOMvQ==
    dependencies:
      configstore "^4.0.0"
  
  cspell-dict-java@^1.0.9:
    version "1.0.9"
    resolved "https://registry.yarnpkg.com/cspell-dict-java/-/cspell-dict-java-1.0.9.tgz#61a527c6bb37a00880bbc23885594575e288ff4f"
    integrity sha512-z3u1SZ9IpwhmQ9wps1qj0BTtkNNz6piMcDxzMOQDkTM+hkK/BSLEJ/+DMsnKr1Kiob1mde8LxHr/MvB9qcWXtQ==
    dependencies:
      configstore "^4.0.0"
  
  cspell-dict-latex@^1.0.10:
    version "1.0.10"
    resolved "https://registry.yarnpkg.com/cspell-dict-latex/-/cspell-dict-latex-1.0.10.tgz#30da58a5605534dfeab3a6ea5e09f4d696540202"
    integrity sha512-H2Kdu/7N5rcPpjr/5qBPdWluu2+0SdQaFrqZPWyn8XYXpYAs9YLqvsl+0MgyV3VTUJPAbz1B34UvByLfZy7FWg==
    dependencies:
      configstore "^4.0.0"
  
  cspell-dict-lorem-ipsum@^1.0.9:
    version "1.0.9"
    resolved "https://registry.yarnpkg.com/cspell-dict-lorem-ipsum/-/cspell-dict-lorem-ipsum-1.0.9.tgz#544706b25a21ebffd115f9f064ab6984c9666cce"
    integrity sha512-cGZ8vkt6dfZGZm/pMtnvYZ4coPHA/FyYL0cuA8fy30wNTdW00CnWWilQvdh0JH53eSTDDWNO9x8Uz+OFIgOeLA==
    dependencies:
      configstore "^4.0.0"
  
  cspell-dict-php@^1.0.10:
    version "1.0.10"
    resolved "https://registry.yarnpkg.com/cspell-dict-php/-/cspell-dict-php-1.0.10.tgz#edde59bbe4d0f481886e1139a354ecaeda0c1221"
    integrity sha512-9efe0p3eL8gPtjanYdMqXSj6G7SdIZaz2kiDH3vWP4qc9j4oa67rq/F+WxsLcZuye7Scm9Tw1nZWetvs/u0M8w==
    dependencies:
      configstore "^4.0.0"
  
  cspell-dict-powershell@^1.0.1:
    version "1.0.1"
    resolved "https://registry.yarnpkg.com/cspell-dict-powershell/-/cspell-dict-powershell-1.0.1.tgz#59a65426674dbd5805c84142ab616fc7deca70dc"
    integrity sha512-uNmnu2wn+Yw6JDnt4jdu08HvEmZjbxbndtkStfDqIdhg/iBFRdm4VUZIY7vL5Z5xPwAgC9QwT6h86mqT8ZnCag==
    dependencies:
      configstore "^4.0.0"
  
  cspell-dict-python@^1.0.13:
    version "1.0.13"
    resolved "https://registry.yarnpkg.com/cspell-dict-python/-/cspell-dict-python-1.0.13.tgz#ac5062faf05fc2143f35df0f1fdf971f66785ad1"
    integrity sha512-TNMzz6zxAniQzAVwCs3Skk62aqhDvIpd3N7pFBgKDLlUiZT4I5yWwW2SepoWP5DV8ihAmgfyISz5u0SDwavSnA==
    dependencies:
      configstore "^4.0.0"
  
  cspell-dict-rust@^1.0.9:
    version "1.0.9"
    resolved "https://registry.yarnpkg.com/cspell-dict-rust/-/cspell-dict-rust-1.0.9.tgz#cc804152537db0b812b8d2ca22bd987758f14103"
    integrity sha512-8KiEawwcixyVw8EuTTQIcxHc3GTxQ3PFW+T9D8r+Y4crw5JcJeyOQlRHZcyG2+2qAhamS+tlAh/puaKwANuWWg==
    dependencies:
      configstore "^4.0.0"
  
  cspell-dict-scala@^1.0.8:
    version "1.0.8"
    resolved "https://registry.yarnpkg.com/cspell-dict-scala/-/cspell-dict-scala-1.0.8.tgz#b7ed4df50e7c97a674d196a5953675db3ef88bfc"
    integrity sha512-/t2SyLnl/zaOBilTWlBNsD2X/Sd6+WyUi5REKQhopQ1MoJc9AFUavI17ZIFHq/vCyu1ziO7xslFWYRTwfQ8yBA==
    dependencies:
      configstore "^4.0.0"
  
  cspell-glob@^0.1.11:
    version "0.1.11"
    resolved "https://registry.yarnpkg.com/cspell-glob/-/cspell-glob-0.1.11.tgz#da52b723e24f89053f30837d45663dfee7c167e8"
    integrity sha512-1s9539g+AB+V0gX4TPfCvhwWYso/fKlWQIX5w31BuqLjV6e8542x9vpdO/GS7aq1y1vec4ocx0B9I/d1SGFDSg==
    dependencies:
      micromatch "^4.0.2"
  
  cspell-io@^4.0.17:
    version "4.0.17"
    resolved "https://registry.yarnpkg.com/cspell-io/-/cspell-io-4.0.17.tgz#322c0dabd8358c50693ac317a8b251c13c31b6f7"
    integrity sha512-srJnvfTm9QdrAGPx7OIR6MIZeXJPgwWupderhy4ywDQKgds4Yj1w3f10JWzHgsfWAwExAaEs3GZ4fEMUeWhnAA==
    dependencies:
      iconv-lite "^0.4.24"
      iterable-to-stream "^1.0.1"
  
  cspell-lib@^4.0.23:
    version "4.0.23"
    resolved "https://registry.yarnpkg.com/cspell-lib/-/cspell-lib-4.0.23.tgz#3014dd8b03937bdc46d8920c51de45be6dd794f3"
    integrity sha512-1CnuUs90SmH+Ji1zhAiyhuCzmGorgngtGQs2qbavJf/K0GtCNyotCabNz70neZhG+KcZv7KQRoQOouREvJUzFQ==
    dependencies:
      comment-json "^1.1.3"
      configstore "^5.0.0"
      cspell-dict-companies "^1.0.11"
      cspell-dict-cpp "^1.1.20"
      cspell-dict-django "^1.0.11"
      cspell-dict-elixir "^1.0.9"
      cspell-dict-en-gb "^1.1.10"
      cspell-dict-en_us "^1.2.16"
      cspell-dict-fullstack "^1.0.14"
      cspell-dict-golang "^1.1.11"
      cspell-dict-html-symbol-entities "^1.0.10"
      cspell-dict-java "^1.0.9"
      cspell-dict-latex "^1.0.10"
      cspell-dict-lorem-ipsum "^1.0.9"
      cspell-dict-php "^1.0.10"
      cspell-dict-powershell "^1.0.1"
      cspell-dict-python "^1.0.13"
      cspell-dict-rust "^1.0.9"
      cspell-dict-scala "^1.0.8"
      cspell-io "^4.0.17"
      cspell-trie-lib "^4.0.15"
      cspell-util-bundle "^4.0.5"
      fs-extra "^8.1.0"
      gensequence "^2.1.2"
      vscode-uri "^2.0.3"
  
  cspell-trie-lib@^4.0.15:
    version "4.0.15"
    resolved "https://registry.yarnpkg.com/cspell-trie-lib/-/cspell-trie-lib-4.0.15.tgz#21c86b20bb4ad01ab798c864ccacac296868216e"
    integrity sha512-k3P03msJJh6Fhic9db7kva3+VodhvywvxxB5Q8Y7qF1xCu9zL2Zeoi+gA8ziL1QtUFqAqpzbDNPfiHhz6BaJsQ==
    dependencies:
      gensequence "^2.1.2"
      js-xxhash "^1.0.1"
  
  cspell-util-bundle@^4.0.5:
    version "4.0.5"
    resolved "https://registry.yarnpkg.com/cspell-util-bundle/-/cspell-util-bundle-4.0.5.tgz#1fe398e40e0a8fed4d9817296e2d26400401d36b"
    integrity sha512-luu/xIjoTRt82eJJxf77fhgjU6XJve+CfoTyfejOj7niYDRvoZkt0rTSHPgTI6MADjaZxlCLleSihEgqidt5WQ==
  
  cspell@^4.0.26:
    version "4.0.26"
    resolved "https://registry.yarnpkg.com/cspell/-/cspell-4.0.26.tgz#1668b0407b8574d090a3bee8dbc75266165f70ff"
    integrity sha512-a/9frQ1tMnUQLVojzpqyfYg3adHaEZv2NQiJa7DHouweTtYYYzBllGVzLbTUaqFDvKY8/w9iImh/TRw7FnlVfg==
    dependencies:
      chalk "^2.4.2"
      commander "^2.20.0"
      comment-json "^1.1.3"
      cspell-glob "^0.1.11"
      cspell-lib "^4.0.23"
      fs-extra "^8.1.0"
      gensequence "^2.1.2"
      get-stdin "^7.0.0"
      glob "^7.1.4"
      minimatch "^3.0.4"
  
  deep-extend@~0.4.0:
    version "0.4.2"
    resolved "https://registry.yarnpkg.com/deep-extend/-/deep-extend-0.4.2.tgz#48b699c27e334bf89f10892be432f6e4c7d34a7f"
    integrity sha1-SLaZwn4zS/ifEIkr5DL25MfTSn8=
  
  dot-prop@^4.1.0:
    version "4.2.0"
    resolved "https://registry.yarnpkg.com/dot-prop/-/dot-prop-4.2.0.tgz#1f19e0c2e1aa0e32797c49799f2837ac6af69c57"
    integrity sha512-tUMXrxlExSW6U2EXiiKGSBVdYgtV8qlHL+C10TsW4PURY/ic+eaysnSkwB4kA/mBlCyy/IKDJ+Lc3wbWeaXtuQ==
    dependencies:
      is-obj "^1.0.0"
  
  dot-prop@^5.1.0:
    version "5.1.0"
    resolved "https://registry.yarnpkg.com/dot-prop/-/dot-prop-5.1.0.tgz#bdd8c986a77b83e3fca524e53786df916cabbd8a"
    integrity sha512-n1oC6NBF+KM9oVXtjmen4Yo7HyAVWV2UUl50dCYJdw2924K6dX9bf9TTTWaKtYlRn0FEtxG27KS80ayVLixxJA==
    dependencies:
      is-obj "^2.0.0"
  
  editorconfig-cli@^0.3.0:
    version "0.3.0"
    resolved "https://registry.yarnpkg.com/editorconfig-cli/-/editorconfig-cli-0.3.0.tgz#7c629e430c321c3373af57e207886548a633e5bd"
    integrity sha512-JJlKOkGyZEnD9WYERQJa+GBBe/VSq+bfOjsufPk8b5/nQWMkn6DkaxvBarROjEAP8LxZxZ7wue5nnrYwipLDXA==
    dependencies:
      commander "^2.8.1"
      editorconfig "^0.13.0"
      inquirer "^0.10.1"
  
  editorconfig@0.13.2:
    version "0.13.2"
    resolved "https://registry.yarnpkg.com/editorconfig/-/editorconfig-0.13.2.tgz#8e57926d9ee69ab6cb999f027c2171467acceb35"
    integrity sha1-jleSbZ7mmrbLmZ8CfCFxRnrM6zU=
    dependencies:
      bluebird "^3.0.5"
      commander "^2.9.0"
      lru-cache "^3.2.0"
      sigmund "^1.0.1"
  
  editorconfig@^0.13.0:
    version "0.13.3"
    resolved "https://registry.yarnpkg.com/editorconfig/-/editorconfig-0.13.3.tgz#e5219e587951d60958fd94ea9a9a008cdeff1b34"
    integrity sha512-WkjsUNVCu+ITKDj73QDvi0trvpdDWdkDyHybDGSXPfekLCqwmpD7CP7iPbvBgosNuLcI96XTDwNa75JyFl7tEQ==
    dependencies:
      bluebird "^3.0.5"
      commander "^2.9.0"
      lru-cache "^3.2.0"
      semver "^5.1.0"
      sigmund "^1.0.1"
  
  escape-string-regexp@^1.0.2, escape-string-regexp@^1.0.5:
    version "1.0.5"
    resolved "https://registry.yarnpkg.com/escape-string-regexp/-/escape-string-regexp-1.0.5.tgz#1b61c0562190a8dff6ae3bb2cf0200ca130b86d4"
    integrity sha1-G2HAViGQqN/2rjuyzwIAyhMLhtQ=
  
  esprima@^2.7.0:
    version "2.7.3"
    resolved "https://registry.yarnpkg.com/esprima/-/esprima-2.7.3.tgz#96e3b70d5779f6ad49cd032673d1c312767ba581"
    integrity sha1-luO3DVd59q1JzQMmc9HDEnZ7pYE=
  
  exit-hook@^1.0.0:
    version "1.1.1"
    resolved "https://registry.yarnpkg.com/exit-hook/-/exit-hook-1.1.1.tgz#f05ca233b48c05d54fff07765df8507e95c02ff8"
    integrity sha1-8FyiM7SMBdVP/wd2XfhQfpXAL/g=
  
  figures@^1.3.5:
    version "1.7.0"
    resolved "https://registry.yarnpkg.com/figures/-/figures-1.7.0.tgz#cbe1e3affcf1cd44b80cadfed28dc793a9701d2e"
    integrity sha1-y+Hjr/zxzUS4DK3+0o3Hk6lwHS4=
    dependencies:
      escape-string-regexp "^1.0.5"
      object-assign "^4.1.0"
  
  fill-range@^7.0.1:
    version "7.0.1"
    resolved "https://registry.yarnpkg.com/fill-range/-/fill-range-7.0.1.tgz#1919a6a7c75fe38b2c7c77e5198535da9acdda40"
    integrity sha512-qOo9F+dMUmC2Lcb4BbVvnKJxTPjCm+RRpe4gDuGrzkL7mEVl/djYSu2OdQ2Pa302N4oqkSg9ir6jaLWJ2USVpQ==
    dependencies:
      to-regex-range "^5.0.1"
  
  fs-extra@^8.1.0:
    version "8.1.0"
    resolved "https://registry.yarnpkg.com/fs-extra/-/fs-extra-8.1.0.tgz#49d43c45a88cd9677668cb7be1b46efdb8d2e1c0"
    integrity sha512-yhlQgA6mnOJUKOsRUFsgJdQCvkKhcz8tlZG5HBQfReYZy46OwLcY+Zia0mtdHsOo9y/hP+CxMN0TU9QxoOtG4g==
    dependencies:
      graceful-fs "^4.2.0"
      jsonfile "^4.0.0"
      universalify "^0.1.0"
  
  fs.realpath@^1.0.0:
    version "1.0.0"
    resolved "https://registry.yarnpkg.com/fs.realpath/-/fs.realpath-1.0.0.tgz#1504ad2523158caa40db4a2787cb01411994ea4f"
    integrity sha1-FQStJSMVjKpA20onh8sBQRmU6k8=
  
  gensequence@^2.1.2:
    version "2.1.2"
    resolved "https://registry.yarnpkg.com/gensequence/-/gensequence-2.1.2.tgz#ab213a705bf88699a1ab1f6b9a1b4ed487423488"
    integrity sha512-TH0HcxnR7gpvpdMbiQ7+mL10Vf+9zekenuaSmUl7dHWzzeiiaCelk3Xv3V2ebrsVMLfi1KJ8Q0CpGthaxiM9zQ==
  
  get-stdin@^7.0.0:
    version "7.0.0"
    resolved "https://registry.yarnpkg.com/get-stdin/-/get-stdin-7.0.0.tgz#8d5de98f15171a125c5e516643c7a6d0ea8a96f6"
    integrity sha512-zRKcywvrXlXsA0v0i9Io4KDRaAw7+a1ZpjRwl9Wox8PFlVCCHra7E9c4kqXCoCM9nR5tBkaTTZRBoCm60bFqTQ==
  
  glob@7.1.1:
    version "7.1.1"
    resolved "https://registry.yarnpkg.com/glob/-/glob-7.1.1.tgz#805211df04faaf1c63a3600306cdf5ade50b2ec8"
    integrity sha1-gFIR3wT6rxxjo2ADBs31reULLsg=
    dependencies:
      fs.realpath "^1.0.0"
      inflight "^1.0.4"
      inherits "2"
      minimatch "^3.0.2"
      once "^1.3.0"
      path-is-absolute "^1.0.0"
  
  glob@^7.1.4:
    version "7.1.4"
    resolved "https://registry.yarnpkg.com/glob/-/glob-7.1.4.tgz#aa608a2f6c577ad357e1ae5a5c26d9a8d1969255"
    integrity sha512-hkLPepehmnKk41pUGm3sYxoFs/umurYfYJCerbXEyFIWcAzvpipAgVkBqqT9RBKMGjnq6kMuyYwha6csxbiM1A==
    dependencies:
      fs.realpath "^1.0.0"
      inflight "^1.0.4"
      inherits "2"
      minimatch "^3.0.4"
      once "^1.3.0"
      path-is-absolute "^1.0.0"
  
  graceful-fs@^4.1.11, graceful-fs@^4.1.2, graceful-fs@^4.1.6, graceful-fs@^4.2.0:
    version "4.2.0"
    resolved "https://registry.yarnpkg.com/graceful-fs/-/graceful-fs-4.2.0.tgz#8d8fdc73977cb04104721cb53666c1ca64cd328b"
    integrity sha512-jpSvDPV4Cq/bgtpndIWbI5hmYxhQGHPC4d4cqBPb4DLniCfhJokdXhwhaDuLBGLQdvvRum/UiX6ECVIPvDXqdg==
  
  "graceful-readlink@>= 1.0.0":
    version "1.0.1"
    resolved "https://registry.yarnpkg.com/graceful-readlink/-/graceful-readlink-1.0.1.tgz#4cafad76bc62f02fa039b2f94e9a3dd3a391a725"
    integrity sha1-TK+tdrxi8C+gObL5Tpo906ORpyU=
  
  has-ansi@^2.0.0:
    version "2.0.0"
    resolved "https://registry.yarnpkg.com/has-ansi/-/has-ansi-2.0.0.tgz#34f5049ce1ecdf2b0649af3ef24e45ed35416d91"
    integrity sha1-NPUEnOHs3ysGSa8+8k5F7TVBbZE=
    dependencies:
      ansi-regex "^2.0.0"
  
  has-flag@^3.0.0:
    version "3.0.0"
    resolved "https://registry.yarnpkg.com/has-flag/-/has-flag-3.0.0.tgz#b5d454dc2199ae225699f3467e5a07f3b955bafd"
    integrity sha1-tdRU3CGZriJWmfNGfloH87lVuv0=
  
  iconv-lite@^0.4.24:
    version "0.4.24"
    resolved "https://registry.yarnpkg.com/iconv-lite/-/iconv-lite-0.4.24.tgz#2022b4b25fbddc21d2f524974a474aafe733908b"
    integrity sha512-v3MXnZAcvnywkTUEZomIActle7RXXeedOR31wwl7VlyoXO4Qi9arvSenNQWne1TcRwhCL1HwLI21bEqdpj8/rA==
    dependencies:
      safer-buffer ">= 2.1.2 < 3"
  
  imurmurhash@^0.1.4:
    version "0.1.4"
    resolved "https://registry.yarnpkg.com/imurmurhash/-/imurmurhash-0.1.4.tgz#9218b9b2b928a238b13dc4fb6b6d576f231453ea"
    integrity sha1-khi5srkoojixPcT7a21XbyMUU+o=
  
  inflight@^1.0.4:
    version "1.0.6"
    resolved "https://registry.yarnpkg.com/inflight/-/inflight-1.0.6.tgz#49bd6331d7d02d0c09bc910a1075ba8165b56df9"
    integrity sha1-Sb1jMdfQLQwJvJEKEHW6gWW1bfk=
    dependencies:
      once "^1.3.0"
      wrappy "1"
  
  inherits@2:
    version "2.0.4"
    resolved "https://registry.yarnpkg.com/inherits/-/inherits-2.0.4.tgz#0fa2c64f932917c3433a0ded55363aae37416b7c"
    integrity sha512-k/vGaX4/Yla3WzyMCvTQOXYeIHvqOKtnqBduzTHpzpQZzAskKMhZ2K+EnBiSM9zGSoIFeMpXKxa4dYeZIQqewQ==
  
  ini@~1.3.0:
    version "1.3.5"
    resolved "https://registry.yarnpkg.com/ini/-/ini-1.3.5.tgz#eee25f56db1c9ec6085e0c22778083f596abf927"
    integrity sha512-RZY5huIKCMRWDUqZlEi72f/lmXKMvuszcMBduliQ3nnWbx9X/ZBQO7DijMEYS9EhHBb2qacRUMtC7svLwe0lcw==
  
  inquirer@^0.10.1:
    version "0.10.1"
    resolved "https://registry.yarnpkg.com/inquirer/-/inquirer-0.10.1.tgz#ea25e4ce69ca145e05c99e46dcfec05e4012594a"
    integrity sha1-6iXkzmnKFF4FyZ5G3P7AXkASWUo=
    dependencies:
      ansi-escapes "^1.1.0"
      ansi-regex "^2.0.0"
      chalk "^1.0.0"
      cli-cursor "^1.0.1"
      cli-width "^1.0.1"
      figures "^1.3.5"
      lodash "^3.3.1"
      readline2 "^1.0.1"
      run-async "^0.1.0"
      rx-lite "^3.1.2"
      strip-ansi "^3.0.0"
      through "^2.3.6"
  
  is-fullwidth-code-point@^1.0.0:
    version "1.0.0"
    resolved "https://registry.yarnpkg.com/is-fullwidth-code-point/-/is-fullwidth-code-point-1.0.0.tgz#ef9e31386f031a7f0d643af82fde50c457ef00cb"
    integrity sha1-754xOG8DGn8NZDr4L95QxFfvAMs=
    dependencies:
      number-is-nan "^1.0.0"
  
  is-number@^7.0.0:
    version "7.0.0"
    resolved "https://registry.yarnpkg.com/is-number/-/is-number-7.0.0.tgz#7535345b896734d5f80c4d06c50955527a14f12b"
    integrity sha512-41Cifkg6e8TylSpdtTpeLVMqvSBEVzTttHvERD741+pnZ8ANv0004MRL43QKPDlK9cGvNp6NZWZUBlbGXYxxng==
  
  is-obj@^1.0.0:
    version "1.0.1"
    resolved "https://registry.yarnpkg.com/is-obj/-/is-obj-1.0.1.tgz#3e4729ac1f5fde025cd7d83a896dab9f4f67db0f"
    integrity sha1-PkcprB9f3gJc19g6iW2rn09n2w8=
  
  is-obj@^2.0.0:
    version "2.0.0"
    resolved "https://registry.yarnpkg.com/is-obj/-/is-obj-2.0.0.tgz#473fb05d973705e3fd9620545018ca8e22ef4982"
    integrity sha512-drqDG3cbczxxEJRoOXcOjtdp1J/lyp1mNn0xaznRs8+muBhgQcrnbspox5X5fOw0HnMnbfDzvnEMEtqDEJEo8w==
  
  is-typedarray@^1.0.0:
    version "1.0.0"
    resolved "https://registry.yarnpkg.com/is-typedarray/-/is-typedarray-1.0.0.tgz#e479c80858df0c1b11ddda6940f96011fcda4a9a"
    integrity sha1-5HnICFjfDBsR3dppQPlgEfzaSpo=
  
  iterable-to-stream@^1.0.1:
    version "1.0.1"
    resolved "https://registry.yarnpkg.com/iterable-to-stream/-/iterable-to-stream-1.0.1.tgz#37e86baacf6b1a0e9233dad4eb526d0423d08bf3"
    integrity sha512-O62gD5ADMUGtJoOoM9U6LQ7i4byPXUNoHJ6mqsmkQJcom331ZJGDApWgDESWyBMEHEJRjtHozgIiTzYo9RU4UA==
  
  js-xxhash@^1.0.1:
    version "1.0.1"
    resolved "https://registry.yarnpkg.com/js-xxhash/-/js-xxhash-1.0.1.tgz#8ef97ff13576abac8539e91512a4033f0e9d69c5"
    integrity sha512-ociwKjHkCPjqNMmZtD7uUoL+AVhcSZX3WPmirRwXg+PzKD0v5x9K2yLpvkSglbThvbGN/TVA+3XFjPVolQwDpQ==
  
  json-parser@^1.0.0:
    version "1.1.5"
    resolved "https://registry.yarnpkg.com/json-parser/-/json-parser-1.1.5.tgz#e62ec5261d1a6a5fc20e812a320740c6d9005677"
    integrity sha1-5i7FJh0aal/CDoEqMgdAxtkAVnc=
    dependencies:
      esprima "^2.7.0"
  
  jsonfile@^4.0.0:
    version "4.0.0"
    resolved "https://registry.yarnpkg.com/jsonfile/-/jsonfile-4.0.0.tgz#8771aae0799b64076b76640fca058f9c10e33ecb"
    integrity sha1-h3Gq4HmbZAdrdmQPygWPnBDjPss=
    optionalDependencies:
      graceful-fs "^4.1.6"
  
  lintspaces@0.5.0:
    version "0.5.0"
    resolved "https://registry.yarnpkg.com/lintspaces/-/lintspaces-0.5.0.tgz#40b49f102fca55357e8e3621100e5a29feb9ffa8"
    integrity sha1-QLSfEC/KVTV+jjYhEA5aKf65/6g=
    dependencies:
      editorconfig "0.13.2"
      merge "1.1.2"
      rc "1.1.6"
  
  lodash@^3.3.1:
    version "3.10.1"
    resolved "https://registry.yarnpkg.com/lodash/-/lodash-3.10.1.tgz#5bf45e8e49ba4189e17d482789dfd15bd140b7b6"
    integrity sha1-W/Rejkm6QYnhfUgnid/RW9FAt7Y=
  
  lru-cache@^3.2.0:
    version "3.2.0"
    resolved "https://registry.yarnpkg.com/lru-cache/-/lru-cache-3.2.0.tgz#71789b3b7f5399bec8565dda38aa30d2a097efee"
    integrity sha1-cXibO39Tmb7IVl3aOKow0qCX7+4=
    dependencies:
      pseudomap "^1.0.1"
  
  make-dir@^1.0.0:
    version "1.3.0"
    resolved "https://registry.yarnpkg.com/make-dir/-/make-dir-1.3.0.tgz#79c1033b80515bd6d24ec9933e860ca75ee27f0c"
    integrity sha512-2w31R7SJtieJJnQtGc7RVL2StM2vGYVfqUOvUDxH6bC6aJTxPxTF0GnIgCyu7tjockiUWAYQRbxa7vKn34s5sQ==
    dependencies:
      pify "^3.0.0"
  
  make-dir@^3.0.0:
    version "3.0.0"
    resolved "https://registry.yarnpkg.com/make-dir/-/make-dir-3.0.0.tgz#1b5f39f6b9270ed33f9f054c5c0f84304989f801"
    integrity sha512-grNJDhb8b1Jm1qeqW5R/O63wUo4UXo2v2HMic6YT9i/HBlF93S8jkMgH7yugvY9ABDShH4VZMn8I+U8+fCNegw==
    dependencies:
      semver "^6.0.0"
  
  merge@1.1.2:
    version "1.1.2"
    resolved "https://registry.yarnpkg.com/merge/-/merge-1.1.2.tgz#16adce7c4fd56ba4bd5b9dab94692b1c9f5ef7c8"
    integrity sha1-Fq3OfE/Va6S9W52rlGkrHJ9e98g=
  
  micromatch@^4.0.2:
    version "4.0.2"
    resolved "https://registry.yarnpkg.com/micromatch/-/micromatch-4.0.2.tgz#4fcb0999bf9fbc2fcbdd212f6d629b9a56c39259"
    integrity sha512-y7FpHSbMUMoyPbYUSzO6PaZ6FyRnQOpHuKwbo1G+Knck95XVU4QAiKdGEnj5wwoS7PlOgthX/09u5iFJ+aYf5Q==
    dependencies:
      braces "^3.0.1"
      picomatch "^2.0.5"
  
  minimatch@^3.0.2, minimatch@^3.0.4:
    version "3.0.4"
    resolved "https://registry.yarnpkg.com/minimatch/-/minimatch-3.0.4.tgz#5166e286457f03306064be5497e8dbb0c3d32083"
    integrity sha512-yJHVQEhyqPLUTgt9B83PXu6W3rx4MvvHvSUvToogpwoGDOUQ+yDrR0HRot+yOCdCO7u4hX3pWft6kWBBcqh0UA==
    dependencies:
      brace-expansion "^1.1.7"
  
  minimist@^1.2.0:
    version "1.2.0"
    resolved "https://registry.yarnpkg.com/minimist/-/minimist-1.2.0.tgz#a35008b20f41383eec1fb914f4cd5df79a264284"
    integrity sha1-o1AIsg9BOD7sH7kU9M1d95omQoQ=
  
  mute-stream@0.0.5:
    version "0.0.5"
    resolved "https://registry.yarnpkg.com/mute-stream/-/mute-stream-0.0.5.tgz#8fbfabb0a98a253d3184331f9e8deb7372fac6c0"
    integrity sha1-j7+rsKmKJT0xhDMfno3rc3L6xsA=
  
  number-is-nan@^1.0.0:
    version "1.0.1"
    resolved "https://registry.yarnpkg.com/number-is-nan/-/number-is-nan-1.0.1.tgz#097b602b53422a522c1afb8790318336941a011d"
    integrity sha1-CXtgK1NCKlIsGvuHkDGDNpQaAR0=
  
  object-assign@^4.1.0:
    version "4.1.1"
    resolved "https://registry.yarnpkg.com/object-assign/-/object-assign-4.1.1.tgz#2109adc7965887cfc05cbbd442cac8bfbb360863"
    integrity sha1-IQmtx5ZYh8/AXLvUQsrIv7s2CGM=
  
  once@^1.3.0:
    version "1.4.0"
    resolved "https://registry.yarnpkg.com/once/-/once-1.4.0.tgz#583b1aa775961d4b113ac17d9c50baef9dd76bd1"
    integrity sha1-WDsap3WWHUsROsF9nFC6753Xa9E=
    dependencies:
      wrappy "1"
  
  onetime@^1.0.0:
    version "1.1.0"
    resolved "https://registry.yarnpkg.com/onetime/-/onetime-1.1.0.tgz#a1f7838f8314c516f05ecefcbc4ccfe04b4ed789"
    integrity sha1-ofeDj4MUxRbwXs78vEzP4EtO14k=
  
  path-is-absolute@^1.0.0:
    version "1.0.1"
    resolved "https://registry.yarnpkg.com/path-is-absolute/-/path-is-absolute-1.0.1.tgz#174b9268735534ffbc7ace6bf53a5a9e1b5c5f5f"
    integrity sha1-F0uSaHNVNP+8es5r9TpanhtcX18=
  
  picomatch@^2.0.5:
    version "2.0.7"
    resolved "https://registry.yarnpkg.com/picomatch/-/picomatch-2.0.7.tgz#514169d8c7cd0bdbeecc8a2609e34a7163de69f6"
    integrity sha512-oLHIdio3tZ0qH76NybpeneBhYVj0QFTfXEFTc/B3zKQspYfYYkWYgFsmzo+4kvId/bQRcNkVeguI3y+CD22BtA==
  
  pify@^3.0.0:
    version "3.0.0"
    resolved "https://registry.yarnpkg.com/pify/-/pify-3.0.0.tgz#e5a4acd2c101fdf3d9a4d07f0dbc4db49dd28176"
    integrity sha1-5aSs0sEB/fPZpNB/DbxNtJ3SgXY=
  
  pseudomap@^1.0.1:
    version "1.0.2"
    resolved "https://registry.yarnpkg.com/pseudomap/-/pseudomap-1.0.2.tgz#f052a28da70e618917ef0a8ac34c1ae5a68286b3"
    integrity sha1-8FKijacOYYkX7wqKw0wa5aaChrM=
  
  rc@1.1.6:
    version "1.1.6"
    resolved "https://registry.yarnpkg.com/rc/-/rc-1.1.6.tgz#43651b76b6ae53b5c802f1151fa3fc3b059969c9"
    integrity sha1-Q2UbdrauU7XIAvEVH6P8OwWZack=
    dependencies:
      deep-extend "~0.4.0"
      ini "~1.3.0"
      minimist "^1.2.0"
      strip-json-comments "~1.0.4"
  
  readline2@^1.0.1:
    version "1.0.1"
    resolved "https://registry.yarnpkg.com/readline2/-/readline2-1.0.1.tgz#41059608ffc154757b715d9989d199ffbf372e35"
    integrity sha1-QQWWCP/BVHV7cV2ZidGZ/783LjU=
    dependencies:
      code-point-at "^1.0.0"
      is-fullwidth-code-point "^1.0.0"
      mute-stream "0.0.5"
  
  restore-cursor@^1.0.1:
    version "1.0.1"
    resolved "https://registry.yarnpkg.com/restore-cursor/-/restore-cursor-1.0.1.tgz#34661f46886327fed2991479152252df92daa541"
    integrity sha1-NGYfRohjJ/7SmRR5FSJS35LapUE=
    dependencies:
      exit-hook "^1.0.0"
      onetime "^1.0.0"
  
  run-async@^0.1.0:
    version "0.1.0"
    resolved "https://registry.yarnpkg.com/run-async/-/run-async-0.1.0.tgz#c8ad4a5e110661e402a7d21b530e009f25f8e389"
    integrity sha1-yK1KXhEGYeQCp9IbUw4AnyX444k=
    dependencies:
      once "^1.3.0"
  
  rx-lite@^3.1.2:
    version "3.1.2"
    resolved "https://registry.yarnpkg.com/rx-lite/-/rx-lite-3.1.2.tgz#19ce502ca572665f3b647b10939f97fd1615f102"
    integrity sha1-Gc5QLKVyZl87ZHsQk5+X/RYV8QI=
  
  "safer-buffer@>= 2.1.2 < 3":
    version "2.1.2"
    resolved "https://registry.yarnpkg.com/safer-buffer/-/safer-buffer-2.1.2.tgz#44fa161b0187b9549dd84bb91802f9bd8385cd6a"
    integrity sha512-YZo3K82SD7Riyi0E1EQPojLz7kpepnSQI9IyPbHHg1XXXevb5dJI7tpyN2ADxGcQbHG7vcyRHk0cbwqcQriUtg==
  
  semver@^5.1.0:
    version "5.7.0"
    resolved "https://registry.yarnpkg.com/semver/-/semver-5.7.0.tgz#790a7cf6fea5459bac96110b29b60412dc8ff96b"
    integrity sha512-Ya52jSX2u7QKghxeoFGpLwCtGlt7j0oY9DYb5apt9nPlJ42ID+ulTXESnt/qAQcoSERyZ5sl3LDIOw0nAn/5DA==
  
  semver@^6.0.0:
    version "6.2.0"
    resolved "https://registry.yarnpkg.com/semver/-/semver-6.2.0.tgz#4d813d9590aaf8a9192693d6c85b9344de5901db"
    integrity sha512-jdFC1VdUGT/2Scgbimf7FSx9iJLXoqfglSF+gJeuNWVpiE37OIbc1jywR/GJyFdz3mnkz2/id0L0J/cr0izR5A==
  
  sigmund@^1.0.1:
    version "1.0.1"
    resolved "https://registry.yarnpkg.com/sigmund/-/sigmund-1.0.1.tgz#3ff21f198cad2175f9f3b781853fd94d0d19b590"
    integrity sha1-P/IfGYytIXX587eBhT/ZTQ0ZtZA=
  
  signal-exit@^3.0.2:
    version "3.0.2"
    resolved "https://registry.yarnpkg.com/signal-exit/-/signal-exit-3.0.2.tgz#b5fdc08f1287ea1178628e415e25132b73646c6d"
    integrity sha1-tf3AjxKH6hF4Yo5BXiUTK3NkbG0=
  
  strip-ansi@^3.0.0:
    version "3.0.1"
    resolved "https://registry.yarnpkg.com/strip-ansi/-/strip-ansi-3.0.1.tgz#6a385fb8853d952d5ff05d0e8aaf94278dc63dcf"
    integrity sha1-ajhfuIU9lS1f8F0Oiq+UJ43GPc8=
    dependencies:
      ansi-regex "^2.0.0"
  
  strip-json-comments@~1.0.4:
    version "1.0.4"
    resolved "https://registry.yarnpkg.com/strip-json-comments/-/strip-json-comments-1.0.4.tgz#1e15fbcac97d3ee99bf2d73b4c656b082bbafb91"
    integrity sha1-HhX7ysl9Pumb8tc7TGVrCCu6+5E=
  
  supports-color@^2.0.0:
    version "2.0.0"
    resolved "https://registry.yarnpkg.com/supports-color/-/supports-color-2.0.0.tgz#535d045ce6b6363fa40117084629995e9df324c7"
    integrity sha1-U10EXOa2Nj+kARcIRimZXp3zJMc=
  
  supports-color@^5.3.0:
    version "5.5.0"
    resolved "https://registry.yarnpkg.com/supports-color/-/supports-color-5.5.0.tgz#e2e69a44ac8772f78a1ec0b35b689df6530efc8f"
    integrity sha512-QjVjwdXIt408MIiAqCX4oUKsgU2EqAGzs2Ppkm4aQYbjm+ZEWEcW4SfFNTr4uMNZma0ey4f5lgLrkB0aX0QMow==
    dependencies:
      has-flag "^3.0.0"
  
  through@^2.3.6:
    version "2.3.8"
    resolved "https://registry.yarnpkg.com/through/-/through-2.3.8.tgz#0dd4c9ffaabc357960b1b724115d7e0e86a2e1f5"
    integrity sha1-DdTJ/6q8NXlgsbckEV1+Doai4fU=
  
  to-regex-range@^5.0.1:
    version "5.0.1"
    resolved "https://registry.yarnpkg.com/to-regex-range/-/to-regex-range-5.0.1.tgz#1648c44aae7c8d988a326018ed72f5b4dd0392e4"
    integrity sha512-65P7iz6X5yEr1cwcgvQxbbIw7Uk3gOy5dIdtZ4rDveLqhrdJP+Li/Hx6tyK0NEb+2GCyneCMJiGqrADCSNk8sQ==
    dependencies:
      is-number "^7.0.0"
  
  typedarray-to-buffer@^3.1.5:
    version "3.1.5"
    resolved "https://registry.yarnpkg.com/typedarray-to-buffer/-/typedarray-to-buffer-3.1.5.tgz#a97ee7a9ff42691b9f783ff1bc5112fe3fca9080"
    integrity sha512-zdu8XMNEDepKKR+XYOXAVPtWui0ly0NtohUscw+UmaHiAWT8hrV1rr//H6V+0DvJ3OQ19S979M0laLfX8rm82Q==
    dependencies:
      is-typedarray "^1.0.0"
  
  unique-string@^1.0.0:
    version "1.0.0"
    resolved "https://registry.yarnpkg.com/unique-string/-/unique-string-1.0.0.tgz#9e1057cca851abb93398f8b33ae187b99caec11a"
    integrity sha1-nhBXzKhRq7kzmPizOuGHuZyuwRo=
    dependencies:
      crypto-random-string "^1.0.0"
  
  unique-string@^2.0.0:
    version "2.0.0"
    resolved "https://registry.yarnpkg.com/unique-string/-/unique-string-2.0.0.tgz#39c6451f81afb2749de2b233e3f7c5e8843bd89d"
    integrity sha512-uNaeirEPvpZWSgzwsPGtU2zVSTrn/8L5q/IexZmH0eH6SA73CmAA5U4GwORTxQAZs95TAXLNqeLoPPNO5gZfWg==
    dependencies:
      crypto-random-string "^2.0.0"
  
  universalify@^0.1.0:
    version "0.1.2"
    resolved "https://registry.yarnpkg.com/universalify/-/universalify-0.1.2.tgz#b646f69be3942dabcecc9d6639c80dc105efaa66"
    integrity sha512-rBJeI5CXAlmy1pV+617WB9J63U6XcazHHF2f2dbJix4XzpUF0RS3Zbj0FGIOCAva5P/d/GBOYaACQ1w+0azUkg==
  
  vscode-uri@^2.0.3:
    version "2.0.3"
    resolved "https://registry.yarnpkg.com/vscode-uri/-/vscode-uri-2.0.3.tgz#25e5f37f552fbee3cec7e5f80cef8469cefc6543"
    integrity sha512-4D3DI3F4uRy09WNtDGD93H9q034OHImxiIcSq664Hq1Y1AScehlP3qqZyTkX/RWxeu0MRMHGkrxYqm2qlDF/aw==
  
  wrappy@1:
    version "1.0.2"
    resolved "https://registry.yarnpkg.com/wrappy/-/wrappy-1.0.2.tgz#b5243d8f3ec1aa35f1364605bc0d1036e30ab69f"
    integrity sha1-tSQ9jz7BqjXxNkYFvA0QNuMKtp8=
  
  write-file-atomic@^2.0.0:
    version "2.4.3"
    resolved "https://registry.yarnpkg.com/write-file-atomic/-/write-file-atomic-2.4.3.tgz#1fd2e9ae1df3e75b8d8c367443c692d4ca81f481"
    integrity sha512-GaETH5wwsX+GcnzhPgKcKjJ6M2Cq3/iZp1WyY/X1CSqrW+jVNM9Y7D8EC2sM4ZG/V8wZlSniJnCKWPmBYAucRQ==
    dependencies:
      graceful-fs "^4.1.11"
      imurmurhash "^0.1.4"
      signal-exit "^3.0.2"
  
  write-file-atomic@^3.0.0:
    version "3.0.0"
    resolved "https://registry.yarnpkg.com/write-file-atomic/-/write-file-atomic-3.0.0.tgz#1b64dbbf77cb58fd09056963d63e62667ab4fb21"
    integrity sha512-EIgkf60l2oWsffja2Sf2AL384dx328c0B+cIYPTQq5q2rOYuDV00/iPFBOUiDKKwKMOhkymH8AidPaRvzfxY+Q==
    dependencies:
      imurmurhash "^0.1.4"
      is-typedarray "^1.0.0"
      signal-exit "^3.0.2"
      typedarray-to-buffer "^3.1.5"
  
  xdg-basedir@^3.0.0:
    version "3.0.0"
    resolved "https://registry.yarnpkg.com/xdg-basedir/-/xdg-basedir-3.0.0.tgz#496b2cc109eca8dbacfe2dc72b603c17c5870ad4"
    integrity sha1-SWsswQnsqNus/i3HK2A8F8WHCtQ=
  
  xdg-basedir@^4.0.0:
    version "4.0.0"
    resolved "https://registry.yarnpkg.com/xdg-basedir/-/xdg-basedir-4.0.0.tgz#4bc8d9984403696225ef83a1573cbbcb4e79db13"
    integrity sha512-PSNhEJDejZYV7h50BohL09Er9VaIefr2LMAf3OEmpCkjOi34eYyQYAXUTjEQtZJTKcF0E2UKTh+osDLsgNim9Q==
